Determining if the pthread_create exist failed with the following output:
Change Dir: /home/luo/workspace/extract_table/build/CMakeFiles/CMakeTmp

Run Build Command:"/usr/bin/make" "cmTC_11dc9/fast"
/usr/bin/make -f CMakeFiles/cmTC_11dc9.dir/build.make CMakeFiles/cmTC_11dc9.dir/build
make[1]: Entering directory '/home/luo/workspace/extract_table/build/CMakeFiles/CMakeTmp'
Building C object CMakeFiles/cmTC_11dc9.dir/CheckSymbolExists.c.o
/usr/bin/gcc-5     -o CMakeFiles/cmTC_11dc9.dir/CheckSymbolExists.c.o   -c /home/luo/workspace/extract_table/build/CMakeFiles/CMakeTmp/CheckSymbolExists.c
Linking C executable cmTC_11dc9
/usr/bin/cmake -E cmake_link_script CMakeFiles/cmTC_11dc9.dir/link.txt --verbose=1
/usr/bin/gcc-5       CMakeFiles/cmTC_11dc9.dir/CheckSymbolExists.c.o  -o cmTC_11dc9 -rdynamic 
CMakeFiles/cmTC_11dc9.dir/CheckSymbolExists.c.o：在函数‘main’中：
CheckSymbolExists.c:(.text+0x16)：对‘pthread_create’未定义的引用
collect2: error: ld returned 1 exit status
CMakeFiles/cmTC_11dc9.dir/build.make:97: recipe for target 'cmTC_11dc9' failed
make[1]: *** [cmTC_11dc9] Error 1
make[1]: Leaving directory '/home/luo/workspace/extract_table/build/CMakeFiles/CMakeTmp'
Makefile:126: recipe for target 'cmTC_11dc9/fast' failed
make: *** [cmTC_11dc9/fast] Error 2

File /home/luo/workspace/extract_table/build/CMakeFiles/CMakeTmp/CheckSymbolExists.c:
/* */
#include <pthread.h>

int main(int argc, char** argv)
{
  (void)argv;
#ifndef pthread_create
  return ((int*)(&pthread_create))[argc];
#else
  (void)argc;
  return 0;
#endif
}

